[2025-12-26T21:34:43.938+0000] {manager.py:483} INFO - Processing files using up to 2 processes at a time 
[2025-12-26T21:34:43.939+0000] {manager.py:484} INFO - Process each file at most once every 30 seconds
[2025-12-26T21:34:43.940+0000] {manager.py:485} INFO - Checking for new files in /opt/airflow/dags every 300 seconds
[2025-12-26T21:34:43.940+0000] {manager.py:821} INFO - Searching for files in /opt/airflow/dags
[2025-12-26T21:34:43.945+0000] {manager.py:824} INFO - There are 0 files in /opt/airflow/dags
[2025-12-26T21:39:43.964+0000] {manager.py:821} INFO - Searching for files in /opt/airflow/dags
[2025-12-26T21:39:43.971+0000] {manager.py:824} INFO - There are 0 files in /opt/airflow/dags
[2025-12-26T21:44:44.532+0000] {manager.py:821} INFO - Searching for files in /opt/airflow/dags
[2025-12-26T21:44:44.539+0000] {manager.py:824} INFO - There are 0 files in /opt/airflow/dags
[2025-12-26T21:49:45.252+0000] {manager.py:821} INFO - Searching for files in /opt/airflow/dags
[2025-12-26T21:49:45.259+0000] {manager.py:824} INFO - There are 0 files in /opt/airflow/dags
[2025-12-26T21:54:46.244+0000] {manager.py:821} INFO - Searching for files in /opt/airflow/dags
[2025-12-26T21:54:46.250+0000] {manager.py:824} INFO - There are 0 files in /opt/airflow/dags
[2025-12-26T21:57:46.701+0000] {manager.py:465} INFO - Exiting gracefully upon receiving signal 15
[2025-12-26T21:58:54.598+0000] {manager.py:483} INFO - Processing files using up to 2 processes at a time 
[2025-12-26T21:58:54.599+0000] {manager.py:484} INFO - Process each file at most once every 30 seconds
[2025-12-26T21:58:54.600+0000] {manager.py:485} INFO - Checking for new files in /opt/airflow/dags every 300 seconds
[2025-12-26T21:58:54.600+0000] {manager.py:821} INFO - Searching for files in /opt/airflow/dags
[2025-12-26T21:58:54.605+0000] {manager.py:824} INFO - There are 0 files in /opt/airflow/dags
[2025-12-26T22:03:55.364+0000] {manager.py:821} INFO - Searching for files in /opt/airflow/dags
[2025-12-26T22:03:55.373+0000] {manager.py:824} INFO - There are 0 files in /opt/airflow/dags
[2025-12-26T22:08:56.192+0000] {manager.py:821} INFO - Searching for files in /opt/airflow/dags
[2025-12-26T22:08:56.212+0000] {manager.py:824} INFO - There are 0 files in /opt/airflow/dags
[2025-12-26T22:13:56.873+0000] {manager.py:821} INFO - Searching for files in /opt/airflow/dags
[2025-12-26T22:13:56.939+0000] {manager.py:824} INFO - There are 0 files in /opt/airflow/dags
[2025-12-26T22:18:57.637+0000] {manager.py:821} INFO - Searching for files in /opt/airflow/dags
[2025-12-26T22:18:57.734+0000] {manager.py:824} INFO - There are 1 files in /opt/airflow/dags
[2025-12-26T22:19:02.845+0000] {manager.py:997} INFO - 
================================================================================
DAG File Processing Stats

File Path                         PID  Runtime      # DAGs    # Errors  Last Runtime    Last Run      Last # of DB Queries
------------------------------  -----  ---------  --------  ----------  --------------  ----------  ----------------------
/opt/airflow/dags/customers.py    312  0.01s             0           0                                                   0
================================================================================
[2025-12-26T22:19:32.908+0000] {manager.py:997} INFO - 
================================================================================
DAG File Processing Stats

File Path                       PID    Runtime      # DAGs    # Errors  Last Runtime    Last Run               Last # of DB Queries
------------------------------  -----  ---------  --------  ----------  --------------  -------------------  ----------------------
/opt/airflow/dags/customers.py                           1           0  0.87s           2025-12-26T22:19:03                      45
================================================================================
[2025-12-26T22:20:03.235+0000] {manager.py:997} INFO - 
================================================================================
DAG File Processing Stats

File Path                       PID    Runtime      # DAGs    # Errors  Last Runtime    Last Run               Last # of DB Queries
------------------------------  -----  ---------  --------  ----------  --------------  -------------------  ----------------------
/opt/airflow/dags/customers.py                           1           0  0.33s           2025-12-26T22:19:34                      12
================================================================================
[2025-12-26T22:20:33.691+0000] {manager.py:997} INFO - 
================================================================================
DAG File Processing Stats

File Path                       PID    Runtime      # DAGs    # Errors  Last Runtime    Last Run               Last # of DB Queries
------------------------------  -----  ---------  --------  ----------  --------------  -------------------  ----------------------
/opt/airflow/dags/customers.py                           1           0  0.29s           2025-12-26T22:20:04                      12
================================================================================
[2025-12-26T22:21:04.194+0000] {manager.py:997} INFO - 
================================================================================
DAG File Processing Stats

File Path                       PID    Runtime      # DAGs    # Errors  Last Runtime    Last Run               Last # of DB Queries
------------------------------  -----  ---------  --------  ----------  --------------  -------------------  ----------------------
/opt/airflow/dags/customers.py                           1           0  0.31s           2025-12-26T22:20:35                      12
================================================================================
[2025-12-26T22:21:34.709+0000] {manager.py:997} INFO - 
================================================================================
DAG File Processing Stats

File Path                       PID    Runtime      # DAGs    # Errors  Last Runtime    Last Run               Last # of DB Queries
------------------------------  -----  ---------  --------  ----------  --------------  -------------------  ----------------------
/opt/airflow/dags/customers.py                           1           0  0.30s           2025-12-26T22:21:05                      12
================================================================================
[2025-12-26T22:22:05.213+0000] {manager.py:997} INFO - 
================================================================================
DAG File Processing Stats

File Path                       PID    Runtime      # DAGs    # Errors  Last Runtime    Last Run               Last # of DB Queries
------------------------------  -----  ---------  --------  ----------  --------------  -------------------  ----------------------
/opt/airflow/dags/customers.py                           1           0  0.35s           2025-12-26T22:21:36                      12
================================================================================
[2025-12-26T22:22:35.784+0000] {manager.py:997} INFO - 
================================================================================
DAG File Processing Stats

File Path                       PID    Runtime      # DAGs    # Errors  Last Runtime    Last Run               Last # of DB Queries
------------------------------  -----  ---------  --------  ----------  --------------  -------------------  ----------------------
/opt/airflow/dags/customers.py                           1           0  0.28s           2025-12-26T22:22:06                      12
================================================================================
[2025-12-26T22:23:06.291+0000] {manager.py:997} INFO - 
================================================================================
DAG File Processing Stats

File Path                       PID    Runtime      # DAGs    # Errors  Last Runtime    Last Run               Last # of DB Queries
------------------------------  -----  ---------  --------  ----------  --------------  -------------------  ----------------------
/opt/airflow/dags/customers.py                           1           0  0.29s           2025-12-26T22:22:37                      12
================================================================================
[2025-12-26T22:23:36.713+0000] {manager.py:997} INFO - 
================================================================================
DAG File Processing Stats

File Path                       PID    Runtime      # DAGs    # Errors  Last Runtime    Last Run               Last # of DB Queries
------------------------------  -----  ---------  --------  ----------  --------------  -------------------  ----------------------
/opt/airflow/dags/customers.py                           1           0  0.34s           2025-12-26T22:23:07                      12
================================================================================
[2025-12-26T22:23:58.147+0000] {manager.py:821} INFO - Searching for files in /opt/airflow/dags
[2025-12-26T22:23:58.335+0000] {manager.py:824} INFO - There are 1 files in /opt/airflow/dags
[2025-12-26T22:24:07.449+0000] {manager.py:997} INFO - 
================================================================================
DAG File Processing Stats

File Path                       PID    Runtime      # DAGs    # Errors  Last Runtime    Last Run               Last # of DB Queries
------------------------------  -----  ---------  --------  ----------  --------------  -------------------  ----------------------
/opt/airflow/dags/customers.py                           1           0  0.26s           2025-12-26T22:23:38                      12
================================================================================
[2025-12-26T22:24:37.750+0000] {manager.py:997} INFO - 
================================================================================
DAG File Processing Stats

File Path                       PID    Runtime      # DAGs    # Errors  Last Runtime    Last Run               Last # of DB Queries
------------------------------  -----  ---------  --------  ----------  --------------  -------------------  ----------------------
/opt/airflow/dags/customers.py                           1           0  0.28s           2025-12-26T22:24:08                      12
================================================================================
[2025-12-26T22:25:08.195+0000] {manager.py:997} INFO - 
================================================================================
DAG File Processing Stats

File Path                       PID    Runtime      # DAGs    # Errors  Last Runtime    Last Run               Last # of DB Queries
------------------------------  -----  ---------  --------  ----------  --------------  -------------------  ----------------------
/opt/airflow/dags/customers.py                           1           0  0.35s           2025-12-26T22:24:39                      12
================================================================================
[2025-12-26T22:25:38.732+0000] {manager.py:997} INFO - 
================================================================================
DAG File Processing Stats

File Path                       PID    Runtime      # DAGs    # Errors  Last Runtime    Last Run               Last # of DB Queries
------------------------------  -----  ---------  --------  ----------  --------------  -------------------  ----------------------
/opt/airflow/dags/customers.py                           1           0  0.32s           2025-12-26T22:25:09                      12
================================================================================
[2025-12-26T22:26:09.293+0000] {manager.py:997} INFO - 
================================================================================
DAG File Processing Stats

File Path                       PID    Runtime      # DAGs    # Errors  Last Runtime    Last Run               Last # of DB Queries
------------------------------  -----  ---------  --------  ----------  --------------  -------------------  ----------------------
/opt/airflow/dags/customers.py                           1           0  0.27s           2025-12-26T22:25:40                      12
================================================================================
[2025-12-26T22:26:39.940+0000] {manager.py:997} INFO - 
================================================================================
DAG File Processing Stats

File Path                       PID    Runtime      # DAGs    # Errors  Last Runtime    Last Run               Last # of DB Queries
------------------------------  -----  ---------  --------  ----------  --------------  -------------------  ----------------------
/opt/airflow/dags/customers.py                           1           0  0.29s           2025-12-26T22:26:10                      12
================================================================================
[2025-12-26T22:27:10.404+0000] {manager.py:997} INFO - 
================================================================================
DAG File Processing Stats

File Path                       PID    Runtime      # DAGs    # Errors  Last Runtime    Last Run               Last # of DB Queries
------------------------------  -----  ---------  --------  ----------  --------------  -------------------  ----------------------
/opt/airflow/dags/customers.py                           1           0  0.27s           2025-12-26T22:26:41                      12
================================================================================
[2025-12-26T22:27:40.630+0000] {manager.py:997} INFO - 
================================================================================
DAG File Processing Stats

File Path                       PID    Runtime      # DAGs    # Errors  Last Runtime    Last Run               Last # of DB Queries
------------------------------  -----  ---------  --------  ----------  --------------  -------------------  ----------------------
/opt/airflow/dags/customers.py                           1           0  0.21s           2025-12-26T22:27:11                      12
================================================================================
[2025-12-26T22:28:11.021+0000] {manager.py:997} INFO - 
================================================================================
DAG File Processing Stats

File Path                       PID    Runtime      # DAGs    # Errors  Last Runtime    Last Run               Last # of DB Queries
------------------------------  -----  ---------  --------  ----------  --------------  -------------------  ----------------------
/opt/airflow/dags/customers.py                           1           0  0.30s           2025-12-26T22:27:41                      12
================================================================================
[2025-12-26T22:28:41.421+0000] {manager.py:997} INFO - 
================================================================================
DAG File Processing Stats

File Path                       PID    Runtime      # DAGs    # Errors  Last Runtime    Last Run               Last # of DB Queries
------------------------------  -----  ---------  --------  ----------  --------------  -------------------  ----------------------
/opt/airflow/dags/customers.py                           1           0  0.30s           2025-12-26T22:28:12                      12
================================================================================
[2025-12-26T22:28:58.604+0000] {manager.py:821} INFO - Searching for files in /opt/airflow/dags
[2025-12-26T22:28:58.807+0000] {manager.py:824} INFO - There are 1 files in /opt/airflow/dags
[2025-12-26T22:29:11.980+0000] {manager.py:997} INFO - 
================================================================================
DAG File Processing Stats

File Path                       PID    Runtime      # DAGs    # Errors  Last Runtime    Last Run               Last # of DB Queries
------------------------------  -----  ---------  --------  ----------  --------------  -------------------  ----------------------
/opt/airflow/dags/customers.py                           1           0  0.32s           2025-12-26T22:28:42                      12
================================================================================
[2025-12-26T22:29:42.160+0000] {manager.py:997} INFO - 
================================================================================
DAG File Processing Stats

File Path                       PID    Runtime      # DAGs    # Errors  Last Runtime    Last Run               Last # of DB Queries
------------------------------  -----  ---------  --------  ----------  --------------  -------------------  ----------------------
/opt/airflow/dags/customers.py                           1           0  0.10s           2025-12-26T22:29:13                      12
================================================================================
[2025-12-26T22:30:12.684+0000] {manager.py:997} INFO - 
================================================================================
DAG File Processing Stats

File Path                       PID    Runtime      # DAGs    # Errors  Last Runtime    Last Run               Last # of DB Queries
------------------------------  -----  ---------  --------  ----------  --------------  -------------------  ----------------------
/opt/airflow/dags/customers.py                           1           0  0.49s           2025-12-26T22:29:53                      34
================================================================================
[2025-12-26T22:30:43.227+0000] {manager.py:997} INFO - 
================================================================================
DAG File Processing Stats

File Path                       PID    Runtime      # DAGs    # Errors  Last Runtime    Last Run               Last # of DB Queries
------------------------------  -----  ---------  --------  ----------  --------------  -------------------  ----------------------
/opt/airflow/dags/customers.py                           1           0  0.27s           2025-12-26T22:30:24                      12
================================================================================
[2025-12-26T22:31:13.831+0000] {manager.py:997} INFO - 
================================================================================
DAG File Processing Stats

File Path                       PID    Runtime      # DAGs    # Errors  Last Runtime    Last Run               Last # of DB Queries
------------------------------  -----  ---------  --------  ----------  --------------  -------------------  ----------------------
/opt/airflow/dags/customers.py                           1           0  0.27s           2025-12-26T22:30:54                      12
================================================================================
[2025-12-26T22:31:44.292+0000] {manager.py:997} INFO - 
================================================================================
DAG File Processing Stats

File Path                       PID    Runtime      # DAGs    # Errors  Last Runtime    Last Run               Last # of DB Queries
------------------------------  -----  ---------  --------  ----------  --------------  -------------------  ----------------------
/opt/airflow/dags/customers.py                           1           0  0.27s           2025-12-26T22:31:25                      12
================================================================================
[2025-12-26T22:32:14.482+0000] {manager.py:997} INFO - 
================================================================================
DAG File Processing Stats

File Path                       PID    Runtime      # DAGs    # Errors  Last Runtime    Last Run               Last # of DB Queries
------------------------------  -----  ---------  --------  ----------  --------------  -------------------  ----------------------
/opt/airflow/dags/customers.py                           1           0  0.23s           2025-12-26T22:31:55                      12
================================================================================
[2025-12-26T22:32:44.881+0000] {manager.py:997} INFO - 
================================================================================
DAG File Processing Stats

File Path                       PID    Runtime      # DAGs    # Errors  Last Runtime    Last Run               Last # of DB Queries
------------------------------  -----  ---------  --------  ----------  --------------  -------------------  ----------------------
/opt/airflow/dags/customers.py                           1           0  0.47s           2025-12-26T22:32:25                      34
================================================================================
[2025-12-26T22:33:15.404+0000] {manager.py:997} INFO - 
================================================================================
DAG File Processing Stats

File Path                       PID    Runtime      # DAGs    # Errors  Last Runtime    Last Run               Last # of DB Queries
------------------------------  -----  ---------  --------  ----------  --------------  -------------------  ----------------------
/opt/airflow/dags/customers.py                           1           0  0.28s           2025-12-26T22:32:55                      12
================================================================================
[2025-12-26T22:33:45.966+0000] {manager.py:997} INFO - 
================================================================================
DAG File Processing Stats

File Path                       PID    Runtime      # DAGs    # Errors  Last Runtime    Last Run               Last # of DB Queries
------------------------------  -----  ---------  --------  ----------  --------------  -------------------  ----------------------
/opt/airflow/dags/customers.py                           1           0  0.29s           2025-12-26T22:33:26                      12
================================================================================
[2025-12-26T22:33:58.658+0000] {manager.py:821} INFO - Searching for files in /opt/airflow/dags
[2025-12-26T22:33:58.837+0000] {manager.py:824} INFO - There are 1 files in /opt/airflow/dags
[2025-12-26T22:34:15.972+0000] {manager.py:997} INFO - 
================================================================================
DAG File Processing Stats

File Path                       PID    Runtime      # DAGs    # Errors  Last Runtime    Last Run               Last # of DB Queries
------------------------------  -----  ---------  --------  ----------  --------------  -------------------  ----------------------
/opt/airflow/dags/customers.py                           1           0  0.34s           2025-12-26T22:33:56                      12
================================================================================
[2025-12-26T22:34:46.197+0000] {manager.py:997} INFO - 
================================================================================
DAG File Processing Stats

File Path                       PID    Runtime      # DAGs    # Errors  Last Runtime    Last Run               Last # of DB Queries
------------------------------  -----  ---------  --------  ----------  --------------  -------------------  ----------------------
/opt/airflow/dags/customers.py                           1           0  0.35s           2025-12-26T22:34:27                      12
================================================================================
[2025-12-26T22:35:16.877+0000] {manager.py:997} INFO - 
================================================================================
DAG File Processing Stats

File Path                       PID    Runtime      # DAGs    # Errors  Last Runtime    Last Run               Last # of DB Queries
------------------------------  -----  ---------  --------  ----------  --------------  -------------------  ----------------------
/opt/airflow/dags/customers.py                           1           0  0.30s           2025-12-26T22:34:57                      12
================================================================================
[2025-12-26T22:35:47.134+0000] {manager.py:997} INFO - 
================================================================================
DAG File Processing Stats

File Path                       PID    Runtime      # DAGs    # Errors  Last Runtime    Last Run               Last # of DB Queries
------------------------------  -----  ---------  --------  ----------  --------------  -------------------  ----------------------
/opt/airflow/dags/customers.py                           1           0  0.28s           2025-12-26T22:35:28                      12
================================================================================
[2025-12-26T22:36:17.584+0000] {manager.py:997} INFO - 
================================================================================
DAG File Processing Stats

File Path                       PID    Runtime      # DAGs    # Errors  Last Runtime    Last Run               Last # of DB Queries
------------------------------  -----  ---------  --------  ----------  --------------  -------------------  ----------------------
/opt/airflow/dags/customers.py                           1           0  0.29s           2025-12-26T22:35:58                      12
================================================================================
[2025-12-26T22:36:48.052+0000] {manager.py:997} INFO - 
================================================================================
DAG File Processing Stats

File Path                       PID    Runtime      # DAGs    # Errors  Last Runtime    Last Run               Last # of DB Queries
------------------------------  -----  ---------  --------  ----------  --------------  -------------------  ----------------------
/opt/airflow/dags/customers.py                           1           0  0.31s           2025-12-26T22:36:29                      12
================================================================================
[2025-12-26T22:37:17.973+0000] {manager.py:997} INFO - 
================================================================================
DAG File Processing Stats

File Path                       PID    Runtime      # DAGs    # Errors  Last Runtime    Last Run               Last # of DB Queries
------------------------------  -----  ---------  --------  ----------  --------------  -------------------  ----------------------
/opt/airflow/dags/customers.py                           1           0  0.39s           2025-12-26T22:36:59                      12
================================================================================
[2025-12-26T22:37:48.463+0000] {manager.py:997} INFO - 
================================================================================
DAG File Processing Stats

File Path                       PID    Runtime      # DAGs    # Errors  Last Runtime    Last Run               Last # of DB Queries
------------------------------  -----  ---------  --------  ----------  --------------  -------------------  ----------------------
/opt/airflow/dags/customers.py                           1           0  0.48s           2025-12-26T22:37:39                      34
================================================================================
[2025-12-26T22:38:18.886+0000] {manager.py:997} INFO - 
================================================================================
DAG File Processing Stats

File Path                       PID    Runtime      # DAGs    # Errors  Last Runtime    Last Run               Last # of DB Queries
------------------------------  -----  ---------  --------  ----------  --------------  -------------------  ----------------------
/opt/airflow/dags/customers.py                           1           0  0.30s           2025-12-26T22:38:10                      12
================================================================================
[2025-12-26T22:38:49.370+0000] {manager.py:997} INFO - 
================================================================================
DAG File Processing Stats

File Path                       PID    Runtime      # DAGs    # Errors  Last Runtime    Last Run               Last # of DB Queries
------------------------------  -----  ---------  --------  ----------  --------------  -------------------  ----------------------
/opt/airflow/dags/customers.py                           1           0  0.21s           2025-12-26T22:38:40                      12
================================================================================
[2025-12-26T22:38:59.521+0000] {manager.py:821} INFO - Searching for files in /opt/airflow/dags
[2025-12-26T22:38:59.708+0000] {manager.py:824} INFO - There are 1 files in /opt/airflow/dags
[2025-12-26T22:39:19.868+0000] {manager.py:997} INFO - 
================================================================================
DAG File Processing Stats

File Path                       PID    Runtime      # DAGs    # Errors  Last Runtime    Last Run               Last # of DB Queries
------------------------------  -----  ---------  --------  ----------  --------------  -------------------  ----------------------
/opt/airflow/dags/customers.py                           1           0  0.23s           2025-12-26T22:39:11                      12
================================================================================
[2025-12-26T22:39:50.354+0000] {manager.py:997} INFO - 
================================================================================
DAG File Processing Stats

File Path                       PID    Runtime      # DAGs    # Errors  Last Runtime    Last Run               Last # of DB Queries
------------------------------  -----  ---------  --------  ----------  --------------  -------------------  ----------------------
/opt/airflow/dags/customers.py                           1           0  0.34s           2025-12-26T22:39:41                      12
================================================================================
[2025-12-26T22:40:20.628+0000] {manager.py:997} INFO - 
================================================================================
DAG File Processing Stats

File Path                       PID    Runtime      # DAGs    # Errors  Last Runtime    Last Run               Last # of DB Queries
------------------------------  -----  ---------  --------  ----------  --------------  -------------------  ----------------------
/opt/airflow/dags/customers.py                           1           0  0.31s           2025-12-26T22:40:11                      12
================================================================================
[2025-12-26T22:40:51.071+0000] {manager.py:997} INFO - 
================================================================================
DAG File Processing Stats

File Path                       PID    Runtime      # DAGs    # Errors  Last Runtime    Last Run               Last # of DB Queries
------------------------------  -----  ---------  --------  ----------  --------------  -------------------  ----------------------
/opt/airflow/dags/customers.py                           1           0  0.52s           2025-12-26T22:40:40                      34
================================================================================
[2025-12-26T22:41:21.536+0000] {manager.py:997} INFO - 
================================================================================
DAG File Processing Stats

File Path                       PID    Runtime      # DAGs    # Errors  Last Runtime    Last Run               Last # of DB Queries
------------------------------  -----  ---------  --------  ----------  --------------  -------------------  ----------------------
/opt/airflow/dags/customers.py                           1           0  0.37s           2025-12-26T22:41:10                      12
================================================================================
[2025-12-26T22:41:52.113+0000] {manager.py:997} INFO - 
================================================================================
DAG File Processing Stats

File Path                       PID    Runtime      # DAGs    # Errors  Last Runtime    Last Run               Last # of DB Queries
------------------------------  -----  ---------  --------  ----------  --------------  -------------------  ----------------------
/opt/airflow/dags/customers.py                           1           0  0.30s           2025-12-26T22:41:41                      12
================================================================================
[2025-12-26T22:42:22.662+0000] {manager.py:997} INFO - 
================================================================================
DAG File Processing Stats

File Path                       PID    Runtime      # DAGs    # Errors  Last Runtime    Last Run               Last # of DB Queries
------------------------------  -----  ---------  --------  ----------  --------------  -------------------  ----------------------
/opt/airflow/dags/customers.py                           1           0  0.28s           2025-12-26T22:42:11                      12
================================================================================
[2025-12-26T22:42:53.105+0000] {manager.py:997} INFO - 
================================================================================
DAG File Processing Stats

File Path                       PID    Runtime      # DAGs    # Errors  Last Runtime    Last Run               Last # of DB Queries
------------------------------  -----  ---------  --------  ----------  --------------  -------------------  ----------------------
/opt/airflow/dags/customers.py                           1           0  0.38s           2025-12-26T22:42:37                      34
================================================================================
[2025-12-26T22:43:23.509+0000] {manager.py:997} INFO - 
================================================================================
DAG File Processing Stats

File Path                       PID    Runtime      # DAGs    # Errors  Last Runtime    Last Run               Last # of DB Queries
------------------------------  -----  ---------  --------  ----------  --------------  -------------------  ----------------------
/opt/airflow/dags/customers.py                           1           0  0.31s           2025-12-26T22:43:07                      12
================================================================================
[2025-12-26T22:43:53.853+0000] {manager.py:997} INFO - 
================================================================================
DAG File Processing Stats

File Path                       PID    Runtime      # DAGs    # Errors  Last Runtime    Last Run               Last # of DB Queries
------------------------------  -----  ---------  --------  ----------  --------------  -------------------  ----------------------
/opt/airflow/dags/customers.py                           1           0  0.29s           2025-12-26T22:43:37                      12
================================================================================
[2025-12-26T22:43:59.922+0000] {manager.py:821} INFO - Searching for files in /opt/airflow/dags
[2025-12-26T22:44:00.103+0000] {manager.py:824} INFO - There are 1 files in /opt/airflow/dags
[2025-12-26T22:44:24.298+0000] {manager.py:997} INFO - 
================================================================================
DAG File Processing Stats

File Path                       PID    Runtime      # DAGs    # Errors  Last Runtime    Last Run               Last # of DB Queries
------------------------------  -----  ---------  --------  ----------  --------------  -------------------  ----------------------
/opt/airflow/dags/customers.py                           1           0  0.27s           2025-12-26T22:44:08                      12
================================================================================
[2025-12-26T22:44:54.751+0000] {manager.py:997} INFO - 
================================================================================
DAG File Processing Stats

File Path                       PID    Runtime      # DAGs    # Errors  Last Runtime    Last Run               Last # of DB Queries
------------------------------  -----  ---------  --------  ----------  --------------  -------------------  ----------------------
/opt/airflow/dags/customers.py                           1           0  0.30s           2025-12-26T22:44:38                      12
================================================================================
[2025-12-26T22:45:25.222+0000] {manager.py:997} INFO - 
================================================================================
DAG File Processing Stats

File Path                       PID    Runtime      # DAGs    # Errors  Last Runtime    Last Run               Last # of DB Queries
------------------------------  -----  ---------  --------  ----------  --------------  -------------------  ----------------------
/opt/airflow/dags/customers.py                           1           0  0.28s           2025-12-26T22:45:09                      12
================================================================================
[2025-12-26T22:45:55.228+0000] {manager.py:997} INFO - 
================================================================================
DAG File Processing Stats

File Path                       PID    Runtime      # DAGs    # Errors  Last Runtime    Last Run               Last # of DB Queries
------------------------------  -----  ---------  --------  ----------  --------------  -------------------  ----------------------
/opt/airflow/dags/customers.py                           1           0  0.32s           2025-12-26T22:45:39                      12
================================================================================
[2025-12-26T22:46:25.928+0000] {manager.py:997} INFO - 
================================================================================
DAG File Processing Stats

File Path                       PID    Runtime      # DAGs    # Errors  Last Runtime    Last Run               Last # of DB Queries
------------------------------  -----  ---------  --------  ----------  --------------  -------------------  ----------------------
/opt/airflow/dags/customers.py                           1           0  0.29s           2025-12-26T22:46:06                      12
================================================================================
[2025-12-26T22:46:56.142+0000] {manager.py:997} INFO - 
================================================================================
DAG File Processing Stats

File Path                       PID    Runtime      # DAGs    # Errors  Last Runtime    Last Run               Last # of DB Queries
------------------------------  -----  ---------  --------  ----------  --------------  -------------------  ----------------------
/opt/airflow/dags/customers.py                           1           0  0.24s           2025-12-26T22:46:37                      12
================================================================================
[2025-12-26T22:47:26.571+0000] {manager.py:997} INFO - 
================================================================================
DAG File Processing Stats

File Path                       PID    Runtime      # DAGs    # Errors  Last Runtime    Last Run               Last # of DB Queries
------------------------------  -----  ---------  --------  ----------  --------------  -------------------  ----------------------
/opt/airflow/dags/customers.py                           1           0  0.30s           2025-12-26T22:47:07                      12
================================================================================
[2025-12-26T22:47:57.083+0000] {manager.py:997} INFO - 
================================================================================
DAG File Processing Stats

File Path                       PID    Runtime      # DAGs    # Errors  Last Runtime    Last Run               Last # of DB Queries
------------------------------  -----  ---------  --------  ----------  --------------  -------------------  ----------------------
/opt/airflow/dags/customers.py                           1           0  0.28s           2025-12-26T22:47:38                      12
================================================================================
[2025-12-26T22:48:27.546+0000] {manager.py:997} INFO - 
================================================================================
DAG File Processing Stats

File Path                       PID    Runtime      # DAGs    # Errors  Last Runtime    Last Run               Last # of DB Queries
------------------------------  -----  ---------  --------  ----------  --------------  -------------------  ----------------------
/opt/airflow/dags/customers.py                           1           0  0.28s           2025-12-26T22:48:08                      12
================================================================================
[2025-12-26T22:48:58.009+0000] {manager.py:997} INFO - 
================================================================================
DAG File Processing Stats

File Path                       PID    Runtime      # DAGs    # Errors  Last Runtime    Last Run               Last # of DB Queries
------------------------------  -----  ---------  --------  ----------  --------------  -------------------  ----------------------
/opt/airflow/dags/customers.py                           1           0  0.19s           2025-12-26T22:48:39                      12
================================================================================
[2025-12-26T22:49:00.021+0000] {manager.py:821} INFO - Searching for files in /opt/airflow/dags
[2025-12-26T22:49:00.150+0000] {manager.py:824} INFO - There are 1 files in /opt/airflow/dags
[2025-12-26T22:49:28.516+0000] {manager.py:997} INFO - 
================================================================================
DAG File Processing Stats

File Path                       PID    Runtime      # DAGs    # Errors  Last Runtime    Last Run               Last # of DB Queries
------------------------------  -----  ---------  --------  ----------  --------------  -------------------  ----------------------
/opt/airflow/dags/customers.py                           1           0  0.29s           2025-12-26T22:49:09                      12
================================================================================
[2025-12-26T22:49:58.545+0000] {manager.py:997} INFO - 
================================================================================
DAG File Processing Stats

File Path                       PID    Runtime      # DAGs    # Errors  Last Runtime    Last Run               Last # of DB Queries
------------------------------  -----  ---------  --------  ----------  --------------  -------------------  ----------------------
/opt/airflow/dags/customers.py                           1           0  0.30s           2025-12-26T22:49:40                      12
================================================================================
[2025-12-26T22:50:28.743+0000] {manager.py:997} INFO - 
================================================================================
DAG File Processing Stats

File Path                       PID    Runtime      # DAGs    # Errors  Last Runtime    Last Run               Last # of DB Queries
------------------------------  -----  ---------  --------  ----------  --------------  -------------------  ----------------------
/opt/airflow/dags/customers.py                           1           0  0.30s           2025-12-26T22:50:11                      12
================================================================================
[2025-12-26T22:50:58.730+0000] {manager.py:997} INFO - 
================================================================================
DAG File Processing Stats

File Path                       PID    Runtime      # DAGs    # Errors  Last Runtime    Last Run               Last # of DB Queries
------------------------------  -----  ---------  --------  ----------  --------------  -------------------  ----------------------
/opt/airflow/dags/customers.py                           1           0  0.30s           2025-12-26T22:50:42                      12
================================================================================
[2025-12-26T22:51:29.118+0000] {manager.py:997} INFO - 
================================================================================
DAG File Processing Stats

File Path                       PID    Runtime      # DAGs    # Errors  Last Runtime    Last Run               Last # of DB Queries
------------------------------  -----  ---------  --------  ----------  --------------  -------------------  ----------------------
/opt/airflow/dags/customers.py                           1           0  0.29s           2025-12-26T22:51:13                      12
================================================================================
[2025-12-26T22:51:59.523+0000] {manager.py:997} INFO - 
================================================================================
DAG File Processing Stats

File Path                       PID    Runtime      # DAGs    # Errors  Last Runtime    Last Run               Last # of DB Queries
------------------------------  -----  ---------  --------  ----------  --------------  -------------------  ----------------------
/opt/airflow/dags/customers.py                           1           0  0.26s           2025-12-26T22:51:43                      12
================================================================================
[2025-12-26T22:52:29.851+0000] {manager.py:997} INFO - 
================================================================================
DAG File Processing Stats

File Path                       PID    Runtime      # DAGs    # Errors  Last Runtime    Last Run               Last # of DB Queries
------------------------------  -----  ---------  --------  ----------  --------------  -------------------  ----------------------
/opt/airflow/dags/customers.py                           1           0  0.23s           2025-12-26T22:52:13                      12
================================================================================
[2025-12-26T22:53:00.360+0000] {manager.py:997} INFO - 
================================================================================
DAG File Processing Stats

File Path                       PID    Runtime      # DAGs    # Errors  Last Runtime    Last Run               Last # of DB Queries
------------------------------  -----  ---------  --------  ----------  --------------  -------------------  ----------------------
/opt/airflow/dags/customers.py                           1           0  0.23s           2025-12-26T22:52:44                      12
================================================================================
[2025-12-26T22:53:30.571+0000] {manager.py:997} INFO - 
================================================================================
DAG File Processing Stats

File Path                       PID    Runtime      # DAGs    # Errors  Last Runtime    Last Run               Last # of DB Queries
------------------------------  -----  ---------  --------  ----------  --------------  -------------------  ----------------------
/opt/airflow/dags/customers.py                           1           0  0.25s           2025-12-26T22:53:14                      12
================================================================================
[2025-12-26T22:54:00.240+0000] {manager.py:821} INFO - Searching for files in /opt/airflow/dags
[2025-12-26T22:54:00.422+0000] {manager.py:824} INFO - There are 1 files in /opt/airflow/dags
[2025-12-26T22:54:00.444+0000] {manager.py:997} INFO - 
================================================================================
DAG File Processing Stats

File Path                       PID    Runtime      # DAGs    # Errors  Last Runtime    Last Run               Last # of DB Queries
------------------------------  -----  ---------  --------  ----------  --------------  -------------------  ----------------------
/opt/airflow/dags/customers.py                           1           0  0.30s           2025-12-26T22:53:45                      12
================================================================================
[2025-12-26T22:54:30.643+0000] {manager.py:997} INFO - 
================================================================================
DAG File Processing Stats

File Path                       PID    Runtime      # DAGs    # Errors  Last Runtime    Last Run               Last # of DB Queries
------------------------------  -----  ---------  --------  ----------  --------------  -------------------  ----------------------
/opt/airflow/dags/customers.py                           1           0  0.28s           2025-12-26T22:54:15                      12
================================================================================
[2025-12-26T22:55:01.119+0000] {manager.py:997} INFO - 
================================================================================
DAG File Processing Stats

File Path                       PID    Runtime      # DAGs    # Errors  Last Runtime    Last Run               Last # of DB Queries
------------------------------  -----  ---------  --------  ----------  --------------  -------------------  ----------------------
/opt/airflow/dags/customers.py                           1           0  0.33s           2025-12-26T22:54:46                      12
================================================================================
[2025-12-26T22:55:31.133+0000] {manager.py:997} INFO - 
================================================================================
DAG File Processing Stats

File Path                       PID    Runtime      # DAGs    # Errors  Last Runtime    Last Run               Last # of DB Queries
------------------------------  -----  ---------  --------  ----------  --------------  -------------------  ----------------------
/opt/airflow/dags/customers.py                           1           0  0.38s           2025-12-26T22:55:16                      12
================================================================================
[2025-12-26T22:56:01.408+0000] {manager.py:997} INFO - 
================================================================================
DAG File Processing Stats

File Path                       PID    Runtime      # DAGs    # Errors  Last Runtime    Last Run               Last # of DB Queries
------------------------------  -----  ---------  --------  ----------  --------------  -------------------  ----------------------
/opt/airflow/dags/customers.py                           1           0  0.45s           2025-12-26T22:55:47                      12
================================================================================
[2025-12-26T22:56:31.555+0000] {manager.py:997} INFO - 
================================================================================
DAG File Processing Stats

File Path                       PID    Runtime      # DAGs    # Errors  Last Runtime    Last Run               Last # of DB Queries
------------------------------  -----  ---------  --------  ----------  --------------  -------------------  ----------------------
/opt/airflow/dags/customers.py                           1           0  0.41s           2025-12-26T22:56:18                      12
================================================================================
[2025-12-26T22:57:01.834+0000] {manager.py:997} INFO - 
================================================================================
DAG File Processing Stats

File Path                       PID    Runtime      # DAGs    # Errors  Last Runtime    Last Run               Last # of DB Queries
------------------------------  -----  ---------  --------  ----------  --------------  -------------------  ----------------------
/opt/airflow/dags/customers.py                           1           0  0.40s           2025-12-26T22:56:49                      12
================================================================================
[2025-12-26T22:57:31.861+0000] {manager.py:997} INFO - 
================================================================================
DAG File Processing Stats

File Path                       PID    Runtime      # DAGs    # Errors  Last Runtime    Last Run               Last # of DB Queries
------------------------------  -----  ---------  --------  ----------  --------------  -------------------  ----------------------
/opt/airflow/dags/customers.py                           1           0  0.41s           2025-12-26T22:57:19                      12
================================================================================
[2025-12-26T22:58:02.180+0000] {manager.py:997} INFO - 
================================================================================
DAG File Processing Stats

File Path                       PID    Runtime      # DAGs    # Errors  Last Runtime    Last Run               Last # of DB Queries
------------------------------  -----  ---------  --------  ----------  --------------  -------------------  ----------------------
/opt/airflow/dags/customers.py                           1           0  0.47s           2025-12-26T22:57:50                      12
================================================================================
[2025-12-26T22:58:32.250+0000] {manager.py:997} INFO - 
================================================================================
DAG File Processing Stats

File Path                       PID    Runtime      # DAGs    # Errors  Last Runtime    Last Run               Last # of DB Queries
------------------------------  -----  ---------  --------  ----------  --------------  -------------------  ----------------------
/opt/airflow/dags/customers.py                           1           0  0.46s           2025-12-26T22:58:21                      12
================================================================================
[2025-12-26T22:59:00.581+0000] {manager.py:821} INFO - Searching for files in /opt/airflow/dags
[2025-12-26T22:59:00.841+0000] {manager.py:824} INFO - There are 1 files in /opt/airflow/dags
[2025-12-26T22:59:02.898+0000] {manager.py:997} INFO - 
================================================================================
DAG File Processing Stats

File Path                       PID    Runtime      # DAGs    # Errors  Last Runtime    Last Run               Last # of DB Queries
------------------------------  -----  ---------  --------  ----------  --------------  -------------------  ----------------------
/opt/airflow/dags/customers.py                           1           0  0.46s           2025-12-26T22:58:51                      12
================================================================================
[2025-12-26T22:59:33.300+0000] {manager.py:997} INFO - 
================================================================================
DAG File Processing Stats

File Path                       PID    Runtime      # DAGs    # Errors  Last Runtime    Last Run               Last # of DB Queries
------------------------------  -----  ---------  --------  ----------  --------------  -------------------  ----------------------
/opt/airflow/dags/customers.py                           1           0  0.45s           2025-12-26T22:59:22                      12
================================================================================
[2025-12-26T23:00:03.301+0000] {manager.py:997} INFO - 
================================================================================
DAG File Processing Stats

File Path                       PID    Runtime      # DAGs    # Errors  Last Runtime    Last Run               Last # of DB Queries
------------------------------  -----  ---------  --------  ----------  --------------  -------------------  ----------------------
/opt/airflow/dags/customers.py                           1           0  0.40s           2025-12-26T22:59:53                      12
================================================================================
[2025-12-26T23:00:33.593+0000] {manager.py:997} INFO - 
================================================================================
DAG File Processing Stats

File Path                       PID    Runtime      # DAGs    # Errors  Last Runtime    Last Run               Last # of DB Queries
------------------------------  -----  ---------  --------  ----------  --------------  -------------------  ----------------------
/opt/airflow/dags/customers.py                           1           0  0.44s           2025-12-26T23:00:23                      12
================================================================================
[2025-12-26T23:01:03.687+0000] {manager.py:997} INFO - 
================================================================================
DAG File Processing Stats

File Path                       PID    Runtime      # DAGs    # Errors  Last Runtime    Last Run               Last # of DB Queries
------------------------------  -----  ---------  --------  ----------  --------------  -------------------  ----------------------
/opt/airflow/dags/customers.py                           1           0  0.39s           2025-12-26T23:00:54                      12
================================================================================
[2025-12-26T23:01:33.976+0000] {manager.py:997} INFO - 
================================================================================
DAG File Processing Stats

File Path                       PID    Runtime      # DAGs    # Errors  Last Runtime    Last Run               Last # of DB Queries
------------------------------  -----  ---------  --------  ----------  --------------  -------------------  ----------------------
/opt/airflow/dags/customers.py                           1           0  0.44s           2025-12-26T23:01:25                      12
================================================================================
[2025-12-26T23:02:04.075+0000] {manager.py:997} INFO - 
================================================================================
DAG File Processing Stats

File Path                       PID    Runtime      # DAGs    # Errors  Last Runtime    Last Run               Last # of DB Queries
------------------------------  -----  ---------  --------  ----------  --------------  -------------------  ----------------------
/opt/airflow/dags/customers.py                           1           0  0.38s           2025-12-26T23:01:55                      12
================================================================================
[2025-12-26T23:02:34.371+0000] {manager.py:997} INFO - 
================================================================================
DAG File Processing Stats

File Path                       PID    Runtime      # DAGs    # Errors  Last Runtime    Last Run               Last # of DB Queries
------------------------------  -----  ---------  --------  ----------  --------------  -------------------  ----------------------
/opt/airflow/dags/customers.py                           1           0  0.43s           2025-12-26T23:02:26                      12
================================================================================
[2025-12-26T23:03:04.453+0000] {manager.py:997} INFO - 
================================================================================
DAG File Processing Stats

File Path                       PID    Runtime      # DAGs    # Errors  Last Runtime    Last Run               Last # of DB Queries
------------------------------  -----  ---------  --------  ----------  --------------  -------------------  ----------------------
/opt/airflow/dags/customers.py                           1           0  0.40s           2025-12-26T23:02:57                      12
================================================================================
[2025-12-26T23:03:34.718+0000] {manager.py:997} INFO - 
================================================================================
DAG File Processing Stats

File Path                       PID    Runtime      # DAGs    # Errors  Last Runtime    Last Run               Last # of DB Queries
------------------------------  -----  ---------  --------  ----------  --------------  -------------------  ----------------------
/opt/airflow/dags/customers.py                           1           0  0.43s           2025-12-26T23:03:28                      12
================================================================================
[2025-12-26T23:04:00.790+0000] {manager.py:821} INFO - Searching for files in /opt/airflow/dags
[2025-12-26T23:04:01.057+0000] {manager.py:824} INFO - There are 1 files in /opt/airflow/dags
[2025-12-26T23:04:05.029+0000] {manager.py:997} INFO - 
================================================================================
DAG File Processing Stats

File Path                       PID    Runtime      # DAGs    # Errors  Last Runtime    Last Run               Last # of DB Queries
------------------------------  -----  ---------  --------  ----------  --------------  -------------------  ----------------------
/opt/airflow/dags/customers.py                           1           0  0.38s           2025-12-26T23:03:58                      12
================================================================================
[2025-12-26T23:04:35.610+0000] {manager.py:997} INFO - 
================================================================================
DAG File Processing Stats

File Path                       PID    Runtime      # DAGs    # Errors  Last Runtime    Last Run               Last # of DB Queries
------------------------------  -----  ---------  --------  ----------  --------------  -------------------  ----------------------
/opt/airflow/dags/customers.py                           1           0  0.41s           2025-12-26T23:04:29                      12
================================================================================
[2025-12-26T23:05:05.966+0000] {manager.py:997} INFO - 
================================================================================
DAG File Processing Stats

File Path                       PID    Runtime      # DAGs    # Errors  Last Runtime    Last Run               Last # of DB Queries
------------------------------  -----  ---------  --------  ----------  --------------  -------------------  ----------------------
/opt/airflow/dags/customers.py                           1           0  0.44s           2025-12-26T23:05:00                      12
================================================================================
